2019-01-29T11:57:30+00:00 CRITICAL /opt/lampp/htdocs/wp-content/plugins/footsphere/database/MysqliDb.php dosyasında 334 numaralı satırda Uncaught exception 'Exception' with message 'Connect Error 1045: Access denied for user 'orthocomfyuser'@'localhost' (using password: YES)' in /opt/lampp/htdocs/wp-content/plugins/footsphere/database/MysqliDb.php:334
Stack trace:
#0 /opt/lampp/htdocs/wp-content/plugins/footsphere/database/MysqliDb.php(423): MysqliDb->connect('default')
#1 /opt/lampp/htdocs/wp-content/plugins/footsphere/database/MysqliDb.php(2003): MysqliDb->mysqli()
#2 /opt/lampp/htdocs/wp-content/plugins/footsphere/database/MysqliDb.php(1610): MysqliDb->_prepareQuery()
#3 /opt/lampp/htdocs/wp-content/plugins/footsphere/database/MysqliDb.php(748): MysqliDb->_buildQuery(1)
#4 /opt/lampp/htdocs/wp-content/plugins/footsphere/database/MysqliDb.php(774): MysqliDb->get('wp_options', 1, '*')
#5 /opt/lampp/htdocs/wp-content/plugins/footsphere/database/optionsDB.php(254): MysqliDb->getOne('wp_options')
#6 /opt/lampp/htdocs/wp-content/plugins/footsphere/database/optionsDB.php(183): optionsDB->setAll(Array)
#7 /opt/lampp/htdocs/wp-content/plugins/footsp

2019-01-29T11:57:32+00:00 CRITICAL /opt/lampp/htdocs/wp-content/plugins/footsphere/database/MysqliDb.php dosyasında 334 numaralı satırda Uncaught exception 'Exception' with message 'Connect Error 1045: Access denied for user 'orthocomfyuser'@'localhost' (using password: YES)' in /opt/lampp/htdocs/wp-content/plugins/footsphere/database/MysqliDb.php:334
Stack trace:
#0 /opt/lampp/htdocs/wp-content/plugins/footsphere/database/MysqliDb.php(423): MysqliDb->connect('default')
#1 /opt/lampp/htdocs/wp-content/plugins/footsphere/database/MysqliDb.php(2003): MysqliDb->mysqli()
#2 /opt/lampp/htdocs/wp-content/plugins/footsphere/database/MysqliDb.php(1610): MysqliDb->_prepareQuery()
#3 /opt/lampp/htdocs/wp-content/plugins/footsphere/database/MysqliDb.php(748): MysqliDb->_buildQuery(1)
#4 /opt/lampp/htdocs/wp-content/plugins/footsphere/database/MysqliDb.php(774): MysqliDb->get('wp_options', 1, '*')
#5 /opt/lampp/htdocs/wp-content/plugins/footsphere/database/optionsDB.php(254): MysqliDb->getOne('wp_options')
#6 /opt/lampp/htdocs/wp-content/plugins/footsphere/database/optionsDB.php(183): optionsDB->setAll(Array)
#7 /opt/lampp/htdocs/wp-content/plugins/footsp

2019-01-29T11:57:32+00:00 CRITICAL /opt/lampp/htdocs/wp-content/plugins/footsphere/database/MysqliDb.php dosyasında 334 numaralı satırda Uncaught exception 'Exception' with message 'Connect Error 1045: Access denied for user 'orthocomfyuser'@'localhost' (using password: YES)' in /opt/lampp/htdocs/wp-content/plugins/footsphere/database/MysqliDb.php:334
Stack trace:
#0 /opt/lampp/htdocs/wp-content/plugins/footsphere/database/MysqliDb.php(423): MysqliDb->connect('default')
#1 /opt/lampp/htdocs/wp-content/plugins/footsphere/database/MysqliDb.php(2003): MysqliDb->mysqli()
#2 /opt/lampp/htdocs/wp-content/plugins/footsphere/database/MysqliDb.php(1610): MysqliDb->_prepareQuery()
#3 /opt/lampp/htdocs/wp-content/plugins/footsphere/database/MysqliDb.php(748): MysqliDb->_buildQuery(1)
#4 /opt/lampp/htdocs/wp-content/plugins/footsphere/database/MysqliDb.php(774): MysqliDb->get('wp_options', 1, '*')
#5 /opt/lampp/htdocs/wp-content/plugins/footsphere/database/optionsDB.php(254): MysqliDb->getOne('wp_options')
#6 /opt/lampp/htdocs/wp-content/plugins/footsphere/database/optionsDB.php(183): optionsDB->setAll(Array)
#7 /opt/lampp/htdocs/wp-content/plugins/footsp

